[0201/200527.945:INFO:CONSOLE(0)] "
%cStop!", source:  (0)
[0201/200527.945:INFO:CONSOLE(0)] "
%cThis is a browser feature intended for developers. If someone told you to copy-paste something here to enable a Facebook feature or "hack" someone's account, it is a scam and will give them access to your Facebook account.", source:  (0)
[0201/200527.945:INFO:CONSOLE(0)] "
%cSee https://www.facebook.com/selfxss for more information.", source:  (0)
[0201/200527.945:INFO:CONSOLE(0)] "
%c", source:  (0)
[0201/200552.866:INFO:CONSOLE(32)] "%cDownload the React DevTools for a better development experience: https://fb.me/react-devtools", source: https://programming101.herokuapp.com/assets/application-2d625f58f60783bb126aed1be099d267acdef48cb6efb6dae369182fcfaba03d.js (32)
[0201/200552.880:INFO:CONSOLE(15)] "You are currently using minified code outside of NODE_ENV === 'production'. This means that you are running a slower development build of Redux. You can use loose-envify (https://github.com/zertosh/loose-envify) for browserify or DefinePlugin for webpack (http://stackoverflow.com/questions/30030031) to ensure you have the correct code for your production build.", source: https://programming101.herokuapp.com/assets/application-2d625f58f60783bb126aed1be099d267acdef48cb6efb6dae369182fcfaba03d.js (15)
[0201/200553.228:WARNING:angle_platform_impl.cc(51)] rx::HLSLCompiler::compileToBinary(228): 
C:\fakepath(71,10-42): warning X3571: pow(f, e) will not work for negative f, use abs(f) or conditionally handle negative values if you expect them
C:\fakepath(94,10-42): warning X3571: pow(f, e) will not work for negative f, use abs(f) or conditionally handle negative values if you expect them

[0201/200555.452:INFO:CONSOLE(6)] "Warning: Hash history cannot PUSH the same path; a new entry will not be added to the history stack", source: https://programming101.herokuapp.com/assets/application-2d625f58f60783bb126aed1be099d267acdef48cb6efb6dae369182fcfaba03d.js (6)
[0201/200555.457:INFO:CONSOLE(0)] "Mixed Content: The page at 'https://programming101.herokuapp.com/#/' was loaded over HTTPS, but requested an insecure image 'http://tinygraphs.com/labs/isogrids/hexa/demo?theme=frogideas&numcolors=4&size=100&fmt=svg'. This content should also be served over HTTPS.", source: https://programming101.herokuapp.com/#/ (0)
[0201/200555.458:INFO:CONSOLE(0)] "Mixed Content: The page at 'https://programming101.herokuapp.com/#/' was loaded over HTTPS, but requested an insecure image 'http://tinygraphs.com/labs/isogrids/hexa/demo?theme=frogideas&numcolors=4&size=50&fmt=svg'. This content should also be served over HTTPS.", source: https://programming101.herokuapp.com/#/ (0)
[0201/200555.634:INFO:CONSOLE(28)] "Mixed Content: The page at 'https://programming101.herokuapp.com/#/' was loaded over HTTPS, but requested an insecure image 'http://tinygraphs.com/labs/isogrids/hexa/demo?theme=frogideas&numcolors=4&size=50&fmt=svg'. This content should also be served over HTTPS.", source: https://programming101.herokuapp.com/assets/application-2d625f58f60783bb126aed1be099d267acdef48cb6efb6dae369182fcfaba03d.js (28)
[0201/200555.637:INFO:CONSOLE(28)] "Mixed Content: The page at 'https://programming101.herokuapp.com/#/' was loaded over HTTPS, but requested an insecure image 'http://tinygraphs.com/labs/isogrids/hexa/demo?theme=frogideas&numcolors=4&size=50&fmt=svg'. This content should also be served over HTTPS.", source: https://programming101.herokuapp.com/assets/application-2d625f58f60783bb126aed1be099d267acdef48cb6efb6dae369182fcfaba03d.js (28)
[0201/200555.638:INFO:CONSOLE(28)] "Mixed Content: The page at 'https://programming101.herokuapp.com/#/' was loaded over HTTPS, but requested an insecure image 'http://tinygraphs.com/labs/isogrids/hexa/demo?theme=frogideas&numcolors=4&size=50&fmt=svg'. This content should also be served over HTTPS.", source: https://programming101.herokuapp.com/assets/application-2d625f58f60783bb126aed1be099d267acdef48cb6efb6dae369182fcfaba03d.js (28)
[0201/200555.640:INFO:CONSOLE(28)] "Mixed Content: The page at 'https://programming101.herokuapp.com/#/' was loaded over HTTPS, but requested an insecure image 'http://tinygraphs.com/labs/isogrids/hexa/demo?theme=frogideas&numcolors=4&size=50&fmt=svg'. This content should also be served over HTTPS.", source: https://programming101.herokuapp.com/assets/application-2d625f58f60783bb126aed1be099d267acdef48cb6efb6dae369182fcfaba03d.js (28)
[0201/200555.641:INFO:CONSOLE(28)] "Mixed Content: The page at 'https://programming101.herokuapp.com/#/' was loaded over HTTPS, but requested an insecure image 'http://tinygraphs.com/labs/isogrids/hexa/demo?theme=frogideas&numcolors=4&size=50&fmt=svg'. This content should also be served over HTTPS.", source: https://programming101.herokuapp.com/assets/application-2d625f58f60783bb126aed1be099d267acdef48cb6efb6dae369182fcfaba03d.js (28)
[0201/200555.645:INFO:CONSOLE(0)] "Mixed Content: The page at 'https://programming101.herokuapp.com/#/' was loaded over HTTPS, but requested an insecure image 'http://tinygraphs.com/labs/isogrids/hexa/chillbro_swaggins?theme=frogideas&numcolors=4&size=50&fmt=svg'. This content should also be served over HTTPS.", source: https://programming101.herokuapp.com/#/ (0)
[0201/200555.645:INFO:CONSOLE(0)] "Mixed Content: The page at 'https://programming101.herokuapp.com/#/' was loaded over HTTPS, but requested an insecure image 'http://tinygraphs.com/labs/isogrids/hexa/Josh?theme=heatwave&numcolors=4&size=50&fmt=svg'. This content should also be served over HTTPS.", source: https://programming101.herokuapp.com/#/ (0)
[0201/200555.648:INFO:CONSOLE(0)] "Mixed Content: The page at 'https://programming101.herokuapp.com/#/' was loaded over HTTPS, but requested an insecure image 'http://tinygraphs.com/labs/isogrids/hexa/Josh?theme=heatwave&numcolors=4&size=50&fmt=svg'. This content should also be served over HTTPS.", source: https://programming101.herokuapp.com/#/ (0)
[0201/200555.648:INFO:CONSOLE(0)] "Mixed Content: The page at 'https://programming101.herokuapp.com/#/' was loaded over HTTPS, but requested an insecure image 'http://tinygraphs.com/labs/isogrids/hexa/Greg?theme=sugarsweets&numcolors=4&size=50&fmt=svg'. This content should also be served over HTTPS.", source: https://programming101.herokuapp.com/#/ (0)
[0201/200555.648:INFO:CONSOLE(0)] "Mixed Content: The page at 'https://programming101.herokuapp.com/#/' was loaded over HTTPS, but requested an insecure image 'http://tinygraphs.com/labs/isogrids/hexa/patrick?theme=seascape&numcolors=4&size=50&fmt=svg'. This content should also be served over HTTPS.", source: https://programming101.herokuapp.com/#/ (0)
[0201/200555.731:INFO:CONSOLE(0)] "Mixed Content: The page at 'https://programming101.herokuapp.com/#/' was loaded over HTTPS, but requested an insecure image 'http://tinygraphs.com/labs/isogrids/hexa16/dja?theme=seascape&numcolors=2&size=500&fmt=svg'. This content should also be served over HTTPS.", source: https://programming101.herokuapp.com/#/ (0)
[0201/200555.731:INFO:CONSOLE(0)] "Mixed Content: The page at 'https://programming101.herokuapp.com/#/' was loaded over HTTPS, but requested an insecure image 'http://tinygraphs.com/labs/isogrids/hexa16/asc?theme=duskfalling&numcolors=2&size=500&fmt=svg'. This content should also be served over HTTPS.", source: https://programming101.herokuapp.com/#/ (0)
[0201/200555.732:INFO:CONSOLE(0)] "Mixed Content: The page at 'https://programming101.herokuapp.com/#/' was loaded over HTTPS, but requested an insecure image 'http://tinygraphs.com/labs/isogrids/hexa16/zsdrta?theme=bythepool&numcolors=2&size=500&fmt=svg'. This content should also be served over HTTPS.", source: https://programming101.herokuapp.com/#/ (0)
[0201/200555.943:INFO:CONSOLE(0)] "Mixed Content: The page at 'https://programming101.herokuapp.com/#/' was loaded over HTTPS, but requested an insecure image 'http://www.tinygraphs.com/labs/isogrids/hexa16/dja?theme=seascape&numcolors=2&size=500&fmt=svg'. This content should also be served over HTTPS.", source: https://programming101.herokuapp.com/#/ (0)
[0201/200555.944:INFO:CONSOLE(0)] "Mixed Content: The page at 'https://programming101.herokuapp.com/#/' was loaded over HTTPS, but requested an insecure image 'http://www.tinygraphs.com/labs/isogrids/hexa16/zsdrta?theme=bythepool&numcolors=2&size=500&fmt=svg'. This content should also be served over HTTPS.", source: https://programming101.herokuapp.com/#/ (0)
[0201/200555.975:INFO:CONSOLE(0)] "Mixed Content: The page at 'https://programming101.herokuapp.com/#/' was loaded over HTTPS, but requested an insecure image 'http://www.tinygraphs.com/labs/isogrids/hexa16/asc?theme=duskfalling&numcolors=2&size=500&fmt=svg'. This content should also be served over HTTPS.", source: https://programming101.herokuapp.com/#/ (0)
[0201/200555.975:INFO:CONSOLE(0)] "Mixed Content: The page at 'https://programming101.herokuapp.com/#/' was loaded over HTTPS, but requested an insecure image 'http://www.tinygraphs.com/labs/isogrids/hexa/demo?theme=frogideas&numcolors=4&size=50&fmt=svg'. This content should also be served over HTTPS.", source: https://programming101.herokuapp.com/#/ (0)
[0201/200555.976:INFO:CONSOLE(0)] "Mixed Content: The page at 'https://programming101.herokuapp.com/#/' was loaded over HTTPS, but requested an insecure image 'http://www.tinygraphs.com/labs/isogrids/hexa/chillbro_swaggins?theme=frogideas&numcolors=4&size=50&fmt=svg'. This content should also be served over HTTPS.", source: https://programming101.herokuapp.com/#/ (0)
[0201/200555.976:INFO:CONSOLE(0)] "Mixed Content: The page at 'https://programming101.herokuapp.com/#/' was loaded over HTTPS, but requested an insecure image 'http://www.tinygraphs.com/labs/isogrids/hexa/demo?theme=frogideas&numcolors=4&size=100&fmt=svg'. This content should also be served over HTTPS.", source: https://programming101.herokuapp.com/#/ (0)
[0201/200556.254:INFO:CONSOLE(0)] "Mixed Content: The page at 'https://programming101.herokuapp.com/#/' was loaded over HTTPS, but requested an insecure image 'http://www.tinygraphs.com/labs/isogrids/hexa/Josh?theme=heatwave&numcolors=4&size=50&fmt=svg'. This content should also be served over HTTPS.", source: https://programming101.herokuapp.com/#/ (0)
[0201/200556.261:INFO:CONSOLE(0)] "Mixed Content: The page at 'https://programming101.herokuapp.com/#/' was loaded over HTTPS, but requested an insecure image 'http://www.tinygraphs.com/labs/isogrids/hexa/Greg?theme=sugarsweets&numcolors=4&size=50&fmt=svg'. This content should also be served over HTTPS.", source: https://programming101.herokuapp.com/#/ (0)
[0201/200556.408:INFO:CONSOLE(0)] "Mixed Content: The page at 'https://programming101.herokuapp.com/#/' was loaded over HTTPS, but requested an insecure image 'http://www.tinygraphs.com/labs/isogrids/hexa/patrick?theme=seascape&numcolors=4&size=50&fmt=svg'. This content should also be served over HTTPS.", source: https://programming101.herokuapp.com/#/ (0)
[0201/200614.097:INFO:CONSOLE(0)] "Mixed Content: The page at 'https://programming101.herokuapp.com/#/' was loaded over HTTPS, but requested an insecure image 'http://tinygraphs.com/labs/isogrids/hexa/demo?theme=frogideas&numcolors=4&size=50&fmt=svg'. This content should also be served over HTTPS.", source: https://programming101.herokuapp.com/#/ (0)
[0201/200614.097:INFO:CONSOLE(0)] "Mixed Content: The page at 'https://programming101.herokuapp.com/#/' was loaded over HTTPS, but requested an insecure image 'http://tinygraphs.com/labs/isogrids/hexa/chillbro_swaggins?theme=frogideas&numcolors=4&size=50&fmt=svg'. This content should also be served over HTTPS.", source: https://programming101.herokuapp.com/#/ (0)
[0201/200614.098:INFO:CONSOLE(0)] "Mixed Content: The page at 'https://programming101.herokuapp.com/#/' was loaded over HTTPS, but requested an insecure image 'http://tinygraphs.com/labs/isogrids/hexa/Josh?theme=heatwave&numcolors=4&size=50&fmt=svg'. This content should also be served over HTTPS.", source: https://programming101.herokuapp.com/#/ (0)
[0201/200614.098:INFO:CONSOLE(0)] "Mixed Content: The page at 'https://programming101.herokuapp.com/#/' was loaded over HTTPS, but requested an insecure image 'http://tinygraphs.com/labs/isogrids/hexa/Josh?theme=heatwave&numcolors=4&size=50&fmt=svg'. This content should also be served over HTTPS.", source: https://programming101.herokuapp.com/#/ (0)
[0201/200614.098:INFO:CONSOLE(0)] "Mixed Content: The page at 'https://programming101.herokuapp.com/#/' was loaded over HTTPS, but requested an insecure image 'http://tinygraphs.com/labs/isogrids/hexa/demo?theme=frogideas&numcolors=4&size=50&fmt=svg'. This content should also be served over HTTPS.", source: https://programming101.herokuapp.com/#/ (0)
[0201/200614.098:INFO:CONSOLE(0)] "Mixed Content: The page at 'https://programming101.herokuapp.com/#/' was loaded over HTTPS, but requested an insecure image 'http://tinygraphs.com/labs/isogrids/hexa/Greg?theme=sugarsweets&numcolors=4&size=50&fmt=svg'. This content should also be served over HTTPS.", source: https://programming101.herokuapp.com/#/ (0)
[0201/200614.098:INFO:CONSOLE(0)] "Mixed Content: The page at 'https://programming101.herokuapp.com/#/' was loaded over HTTPS, but requested an insecure image 'http://tinygraphs.com/labs/isogrids/hexa/demo?theme=frogideas&numcolors=4&size=50&fmt=svg'. This content should also be served over HTTPS.", source: https://programming101.herokuapp.com/#/ (0)
[0201/200614.098:INFO:CONSOLE(0)] "Mixed Content: The page at 'https://programming101.herokuapp.com/#/' was loaded over HTTPS, but requested an insecure image 'http://tinygraphs.com/labs/isogrids/hexa/demo?theme=frogideas&numcolors=4&size=50&fmt=svg'. This content should also be served over HTTPS.", source: https://programming101.herokuapp.com/#/ (0)
[0201/200614.098:INFO:CONSOLE(0)] "Mixed Content: The page at 'https://programming101.herokuapp.com/#/' was loaded over HTTPS, but requested an insecure image 'http://tinygraphs.com/labs/isogrids/hexa/demo?theme=frogideas&numcolors=4&size=50&fmt=svg'. This content should also be served over HTTPS.", source: https://programming101.herokuapp.com/#/ (0)
[0201/200614.098:INFO:CONSOLE(0)] "Mixed Content: The page at 'https://programming101.herokuapp.com/#/' was loaded over HTTPS, but requested an insecure image 'http://tinygraphs.com/labs/isogrids/hexa/demo?theme=frogideas&numcolors=4&size=50&fmt=svg'. This content should also be served over HTTPS.", source: https://programming101.herokuapp.com/#/ (0)
[0201/200614.099:INFO:CONSOLE(0)] "Mixed Content: The page at 'https://programming101.herokuapp.com/#/' was loaded over HTTPS, but requested an insecure image 'http://tinygraphs.com/labs/isogrids/hexa/patrick?theme=seascape&numcolors=4&size=50&fmt=svg'. This content should also be served over HTTPS.", source: https://programming101.herokuapp.com/#/ (0)
[0201/200614.099:INFO:CONSOLE(0)] "Mixed Content: The page at 'https://programming101.herokuapp.com/#/' was loaded over HTTPS, but requested an insecure image 'http://tinygraphs.com/labs/isogrids/hexa16/dja?theme=seascape&numcolors=2&size=500&fmt=svg'. This content should also be served over HTTPS.", source: https://programming101.herokuapp.com/#/ (0)
[0201/200614.099:INFO:CONSOLE(0)] "Mixed Content: The page at 'https://programming101.herokuapp.com/#/' was loaded over HTTPS, but requested an insecure image 'http://tinygraphs.com/labs/isogrids/hexa16/asc?theme=duskfalling&numcolors=2&size=500&fmt=svg'. This content should also be served over HTTPS.", source: https://programming101.herokuapp.com/#/ (0)
[0201/200614.099:INFO:CONSOLE(0)] "Mixed Content: The page at 'https://programming101.herokuapp.com/#/' was loaded over HTTPS, but requested an insecure image 'http://tinygraphs.com/labs/isogrids/hexa16/zsdrta?theme=bythepool&numcolors=2&size=500&fmt=svg'. This content should also be served over HTTPS.", source: https://programming101.herokuapp.com/#/ (0)
[0201/200614.106:INFO:CONSOLE(0)] "Mixed Content: The page at 'https://programming101.herokuapp.com/#/' was loaded over HTTPS, but requested an insecure image 'http://www.tinygraphs.com/labs/isogrids/hexa/demo?theme=frogideas&numcolors=4&size=50&fmt=svg'. This content should also be served over HTTPS.", source: https://programming101.herokuapp.com/#/ (0)
[0201/200614.106:INFO:CONSOLE(0)] "Mixed Content: The page at 'https://programming101.herokuapp.com/#/' was loaded over HTTPS, but requested an insecure image 'http://www.tinygraphs.com/labs/isogrids/hexa/chillbro_swaggins?theme=frogideas&numcolors=4&size=50&fmt=svg'. This content should also be served over HTTPS.", source: https://programming101.herokuapp.com/#/ (0)
[0201/200614.106:INFO:CONSOLE(0)] "Mixed Content: The page at 'https://programming101.herokuapp.com/#/' was loaded over HTTPS, but requested an insecure image 'http://www.tinygraphs.com/labs/isogrids/hexa/Josh?theme=heatwave&numcolors=4&size=50&fmt=svg'. This content should also be served over HTTPS.", source: https://programming101.herokuapp.com/#/ (0)
[0201/200614.106:INFO:CONSOLE(0)] "Mixed Content: The page at 'https://programming101.herokuapp.com/#/' was loaded over HTTPS, but requested an insecure image 'http://www.tinygraphs.com/labs/isogrids/hexa/Greg?theme=sugarsweets&numcolors=4&size=50&fmt=svg'. This content should also be served over HTTPS.", source: https://programming101.herokuapp.com/#/ (0)
[0201/200614.110:INFO:CONSOLE(0)] "Mixed Content: The page at 'https://programming101.herokuapp.com/#/' was loaded over HTTPS, but requested an insecure image 'http://www.tinygraphs.com/labs/isogrids/hexa/patrick?theme=seascape&numcolors=4&size=50&fmt=svg'. This content should also be served over HTTPS.", source: https://programming101.herokuapp.com/#/ (0)
[0201/200614.110:INFO:CONSOLE(0)] "Mixed Content: The page at 'https://programming101.herokuapp.com/#/' was loaded over HTTPS, but requested an insecure image 'http://www.tinygraphs.com/labs/isogrids/hexa16/dja?theme=seascape&numcolors=2&size=500&fmt=svg'. This content should also be served over HTTPS.", source: https://programming101.herokuapp.com/#/ (0)
[0201/200614.110:INFO:CONSOLE(0)] "Mixed Content: The page at 'https://programming101.herokuapp.com/#/' was loaded over HTTPS, but requested an insecure image 'http://www.tinygraphs.com/labs/isogrids/hexa16/zsdrta?theme=bythepool&numcolors=2&size=500&fmt=svg'. This content should also be served over HTTPS.", source: https://programming101.herokuapp.com/#/ (0)
[0201/200614.110:INFO:CONSOLE(0)] "Mixed Content: The page at 'https://programming101.herokuapp.com/#/' was loaded over HTTPS, but requested an insecure image 'http://www.tinygraphs.com/labs/isogrids/hexa16/asc?theme=duskfalling&numcolors=2&size=500&fmt=svg'. This content should also be served over HTTPS.", source: https://programming101.herokuapp.com/#/ (0)
[0201/200636.229:INFO:CONSOLE(0)] "Mixed Content: The page at 'https://programming101.herokuapp.com/#/users/1' was loaded over HTTPS, but requested an insecure image 'http://tinygraphs.com/labs/isogrids/hexa/?theme=frogideas&numcolors=4&size=100&fmt=svg'. This content should also be served over HTTPS.", source: https://programming101.herokuapp.com/#/users/1 (0)
[0201/200636.398:INFO:CONSOLE(28)] "Mixed Content: The page at 'https://programming101.herokuapp.com/#/users/1' was loaded over HTTPS, but requested an insecure image 'http://tinygraphs.com/labs/isogrids/hexa/demo?theme=frogideas&numcolors=4&size=100&fmt=svg'. This content should also be served over HTTPS.", source: https://programming101.herokuapp.com/assets/application-2d625f58f60783bb126aed1be099d267acdef48cb6efb6dae369182fcfaba03d.js (28)
[0201/200720.565:ERROR:service_manager.cc(157)] Connection InterfaceProviderSpec prevented service: content_renderer from binding interface: blink::mojom::ReportingServiceProxy exposed by: content_browser
[0201/200720.566:INFO:CONSOLE(0)] "Styling master document from stylesheets defined in HTML Imports is deprecated, and is planned to be removed in M65, around March 2018. Please refer to https://goo.gl/EGXzpw for possible migration paths.", source:  (0)
[0201/200721.332:INFO:CONSOLE(1095)] "<link rel=preload> must have a valid `as` value", source: https://www.youtube.com/yts/jsbin/desktop_polymer-vflu3v6Sz/desktop_polymer.js (1095)
[0201/200721.427:ERROR:quota_settings.cc(95)] Unable to compute QuotaSettings.
[0201/200721.427:WARNING:quota_manager.cc(1629)] No storage quota provided in QuotaSettings.
[0201/200721.706:INFO:CONSOLE(0)] "The SSL certificate used to load resources from https://bs.serving-sys.com will be distrusted in the future. Once distrusted, users will be prevented from loading these resources. See https://g.co/chrome/symantecpkicerts for more information.", source: https://pubads.g.doubleclick.net/gampad/ads?sz=850x250&gdfp_req=1&ad_rule=0&iu=/4061/com.ythome&impl=ifr&scp=ssl%3D1%26dc_yt%3D1%26kga%3D-1%26kgg%3D-1%26klg%3Den%26kmyd%3Dvideo-masthead%26ytdevice%3D1%26ytexp%3D23705778,9471235,9422596,9488991,9477942%26kbsg%3DHPUS180201&d_imp=1&ytdevice=1&pucrd=CgYIABAAGAA&correlator=4116491274398963 (0)
[0201/200722.082:INFO:CONSOLE(110)] "Unrecognized feature: 'autoplay'.", source: https://s.ytimg.com/yts/jsbin/www-widgetapi-vflz9YJmO/www-widgetapi.js (110)
[0201/200723.525:ERROR:mf_helpers.cc(14)] Error in dxva_video_decode_accelerator_win.cc on line 1615
[0201/200723.525:ERROR:mf_helpers.cc(14)] Error in dxva_video_decode_accelerator_win.cc on line 694
[0201/200723.544:ERROR:gpu_video_decode_accelerator.cc(367)] HW video decode not available for profile vp9 profile0
[0201/200730.698:ERROR:mf_helpers.cc(14)] Error in dxva_video_decode_accelerator_win.cc on line 1615
[0201/200730.698:ERROR:mf_helpers.cc(14)] Error in dxva_video_decode_accelerator_win.cc on line 694
[0201/200730.715:ERROR:gpu_video_decode_accelerator.cc(367)] HW video decode not available for profile vp9 profile0
[0201/200734.170:ERROR:service_manager.cc(157)] Connection InterfaceProviderSpec prevented service: content_renderer from binding interface: blink::mojom::ReportingServiceProxy exposed by: content_browser
[0201/200734.170:INFO:CONSOLE(0)] "Styling master document from stylesheets defined in HTML Imports is deprecated, and is planned to be removed in M65, around March 2018. Please refer to https://goo.gl/EGXzpw for possible migration paths.", source:  (0)
[0201/200734.603:INFO:CONSOLE(1095)] "<link rel=preload> must have a valid `as` value", source: https://www.youtube.com/yts/jsbin/desktop_polymer-vflu3v6Sz/desktop_polymer.js (1095)
[0201/200735.436:INFO:CONSOLE(0)] "The SSL certificate used to load resources from https://bs.serving-sys.com will be distrusted in the future. Once distrusted, users will be prevented from loading these resources. See https://g.co/chrome/symantecpkicerts for more information.", source: https://pubads.g.doubleclick.net/gampad/ads?sz=850x250&gdfp_req=1&ad_rule=0&iu=/4061/com.ythome&impl=ifr&scp=ssl%3D1%26dc_yt%3D1%26kga%3D-1%26kgg%3D-1%26klg%3Den%26kmyd%3Dvideo-masthead%26ytdevice%3D1%26ytexp%3D23705778,9471235,9422596,9488991,9477942%26kbsg%3DHPUS180201&d_imp=1&ytdevice=1&pucrd=CgYIABAAGAA&correlator=9661564726532524 (0)
[0201/200735.754:INFO:CONSOLE(110)] "Unrecognized feature: 'autoplay'.", source: https://s.ytimg.com/yts/jsbin/www-widgetapi-vflz9YJmO/www-widgetapi.js (110)
[0201/200807.426:INFO:CONSOLE(0)] "The SSL certificate used to load resources from https://player.twitch.tv will be distrusted in the future. Once distrusted, users will be prevented from loading these resources. See https://g.co/chrome/symantecpkicerts for more information.", source: https://www.twitch.tv/ (0)
[0201/200807.426:INFO:CONSOLE(0)] "The SSL certificate used to load resources from https://static-cdn.jtvnw.net will be distrusted in the future. Once distrusted, users will be prevented from loading these resources. See https://g.co/chrome/symantecpkicerts for more information.", source: https://www.twitch.tv/ (0)
[0201/200807.435:INFO:CONSOLE(0)] "The SSL certificate used to load resources from https://s.jtvnw.net will be distrusted in the future. Once distrusted, users will be prevented from loading these resources. See https://g.co/chrome/symantecpkicerts for more information.", source: https://www.twitch.tv/ (0)
[0201/200808.468:INFO:CONSOLE(0)] "The SSL certificate used to load resources from https://s.amazon-adsystem.com will be distrusted in the future. Once distrusted, users will be prevented from loading these resources. See https://g.co/chrome/symantecpkicerts for more information.", source: https://www.twitch.tv/ (0)
[0201/200808.953:INFO:CONSOLE(0)] "The SSL certificate used to load resources from https://s.amazon-adsystem.com will be distrusted in the future. Once distrusted, users will be prevented from loading these resources. See https://g.co/chrome/symantecpkicerts for more information.", source: https://cdn.krxd.net/partnerjs/xdi/proxy.3d2100fd7107262ecb55ce6847f01fa5.html#!kxcid=JYk8LCsC&kxt=https%3A%2F%2Fwww.twitch.tv&kxcl=cdn&kxp= (0)
[0201/200809.913:INFO:CONSOLE(0)] "The SSL certificate used to load resources from https://c.amazon-adsystem.com will be distrusted in the future. Once distrusted, users will be prevented from loading these resources. See https://g.co/chrome/symantecpkicerts for more information.", source: https://www.twitch.tv/directory/game/League%20of%20Legends (0)
[0201/200810.954:INFO:CONSOLE(0)] "Uncaught (in promise) undefined", source: https://www.twitch.tv/directory/game/League%20of%20Legends (0)
[0201/200812.570:INFO:CONSOLE(28)] "setStatsEnabled has been deprecated.", source: https://player.twitch.tv/js/player.js (28)
[0201/200812.623:INFO:CONSOLE(28)] "setStatsEnabled has been deprecated.", source: https://player.twitch.tv/js/player.js (28)
[0201/200815.783:INFO:CONSOLE(0)] "The SSL certificate used to load resources from https://api.twitch.tv will be distrusted in the future. Once distrusted, users will be prevented from loading these resources. See https://g.co/chrome/symantecpkicerts for more information.", source: https://www.twitch.tv/loltyler1 (0)
[0201/200816.240:INFO:CONSOLE(28)] "failed to resolve properties promise", source: https://player.twitch.tv/js/player.js (28)
[0201/200819.738:INFO:CONSOLE(0)] "The SSL certificate used to load resources from https://s.jtvnw.net will be distrusted in the future. Once distrusted, users will be prevented from loading these resources. See https://g.co/chrome/symantecpkicerts for more information.", source: https://www.twitch.tv/ (0)
[0201/200819.739:INFO:CONSOLE(0)] "The SSL certificate used to load resources from https://static-cdn.jtvnw.net will be distrusted in the future. Once distrusted, users will be prevented from loading these resources. See https://g.co/chrome/symantecpkicerts for more information.", source: https://www.twitch.tv/ (0)
[0201/200820.176:INFO:CONSOLE(28)] "setStatsEnabled has been deprecated.", source: https://player.twitch.tv/js/player.js (28)
[0201/200820.236:INFO:CONSOLE(28)] "setStatsEnabled has been deprecated.", source: https://player.twitch.tv/js/player.js (28)
[0201/200820.385:INFO:CONSOLE(0)] "The SSL certificate used to load resources from https://s.amazon-adsystem.com will be distrusted in the future. Once distrusted, users will be prevented from loading these resources. See https://g.co/chrome/symantecpkicerts for more information.", source: https://www.twitch.tv/ (0)
[0201/200820.386:INFO:CONSOLE(0)] "The SSL certificate used to load resources from https://c.amazon-adsystem.com will be distrusted in the future. Once distrusted, users will be prevented from loading these resources. See https://g.co/chrome/symantecpkicerts for more information.", source: https://www.twitch.tv/ (0)
[0201/200820.485:INFO:CONSOLE(0)] "The SSL certificate used to load resources from https://api.twitch.tv will be distrusted in the future. Once distrusted, users will be prevented from loading these resources. See https://g.co/chrome/symantecpkicerts for more information.", source: https://www.twitch.tv/ (0)
[0201/200820.598:INFO:CONSOLE(28)] "failed to resolve properties promise", source: https://player.twitch.tv/js/player.js (28)
[0201/200820.825:INFO:CONSOLE(0)] "The SSL certificate used to load resources from https://s.amazon-adsystem.com will be distrusted in the future. Once distrusted, users will be prevented from loading these resources. See https://g.co/chrome/symantecpkicerts for more information.", source: https://cdn.krxd.net/partnerjs/xdi/proxy.3d2100fd7107262ecb55ce6847f01fa5.html#!kxcid=JYk8LCsC&kxt=https%3A%2F%2Fwww.twitch.tv&kxcl=cdn&kxp= (0)
[0201/200823.086:INFO:CONSOLE(28)] "setStatsEnabled has been deprecated.", source: https://player.twitch.tv/js/player.js (28)
[0201/200823.086:INFO:CONSOLE(28)] "setStatsEnabled has been deprecated.", source: https://player.twitch.tv/js/player.js (28)
[0201/200824.456:INFO:CONSOLE(0)] "The SSL certificate used to load resources from https://pixel.adsafeprotected.com will be distrusted in the future. Once distrusted, users will be prevented from loading these resources. See https://g.co/chrome/symantecpkicerts for more information.", source: https://tpc.googlesyndication.com/safeframe/1-0-15/html/container.html (0)
[0201/200825.178:INFO:CONSOLE(28)] "setStatsEnabled has been deprecated.", source: https://player.twitch.tv/js/player.js (28)
[0201/200825.209:INFO:CONSOLE(28)] "setStatsEnabled has been deprecated.", source: https://player.twitch.tv/js/player.js (28)
[0201/200825.221:INFO:CONSOLE(28)] "failed to resolve properties promise", source: https://player.twitch.tv/js/player.js (28)
[0201/200936.438:INFO:CONSOLE(0)] "Mixed Content: The page at 'https://help.twitch.tv/customer/portal/articles/2477288' was loaded over HTTPS, but requested an insecure image 'http://i.imgur.com/LBxO2Zm.png'. This content should also be served over HTTPS.", source: https://help.twitch.tv/customer/portal/articles/2477288 (0)
[0201/200936.763:INFO:CONSOLE(0)] "The SSL certificate used to load resources from https://www-cdn.jtvnw.net will be distrusted in the future. Once distrusted, users will be prevented from loading these resources. See https://g.co/chrome/symantecpkicerts for more information.", source: https://help.twitch.tv/customer/portal/articles/2477288 (0)
[0201/200937.042:INFO:CONSOLE(165)] "Failed to execute 'postMessage' on 'DOMWindow': The target origin provided ('https://accounts.google.com') does not match the recipient window's origin ('https://help.twitch.tv').", source: https://apis.google.com/_/scs/apps-static/_/js/k=oz.gapi.en_US.Vch8vd-lM6E.O/m=plusone/rt=j/sv=1/d=1/ed=1/am=AQE/rs=AGLTcCOgsbyjgLVijKgLfaXMbki4Pxbd_A/cb=gapi.loaded_0 (165)
[0201/200937.663:INFO:CONSOLE(1)] "Can't Load URL: The domain of this URL isn't included in the app's domains. To be able to load this URL, add all domains and subdomains of your app to the App Domains field in your app settings.", source: https://www.facebook.com/connect/ping?client_id=190751927613851&domain=help.twitch.tv&origin=1&redirect_uri=https%3A%2F%2Fstaticxx.facebook.com%2Fconnect%2Fxd_arbiter%2Fr%2FlY4eZXm_YWu.js%3Fversion%3D42%23cb%3Dfb3a9e39ce4bf%26domain%3Dhelp.twitch.tv%26origin%3Dhttps%253A%252F%252Fhelp.twitch.tv%252Ff224dd0a56a093c%26relation%3Dparent&response_type=token%2Csigned_request%2Ccode&sdk=joey (1)
[0201/200953.602:WARNING:spdy_session.cc(2914)] Received HEADERS for invalid stream 117
[0201/201003.139:INFO:CONSOLE(31)] "Failed to execute 'write' on 'Document': It isn't possible to write into a document from an asynchronously-loaded external script unless it is explicitly opened.", source: https://www.googleadservices.com/pagead/conversion.js (31)
[0201/201003.422:INFO:CONSOLE(0)] "The SSL certificate used to load resources from https://aax.amazon-adsystem.com will be distrusted in the future. Once distrusted, users will be prevented from loading these resources. See https://g.co/chrome/symantecpkicerts for more information.", source: https://www.reddit.com/r/Twitch/comments/3kwbyq/how_do_you_enable_html5_player/ (0)
[0201/201003.816:INFO:CONSOLE(0)] "The SSL certificate used to load resources from https://s.amazon-adsystem.com will be distrusted in the future. Once distrusted, users will be prevented from loading these resources. See https://g.co/chrome/symantecpkicerts for more information.", source: about:blank (0)
[0201/201003.817:INFO:CONSOLE(0)] "The SSL certificate used to load resources from https://s.amazon-adsystem.com will be distrusted in the future. Once distrusted, users will be prevented from loading these resources. See https://g.co/chrome/symantecpkicerts for more information.", source: https://s.amazon-adsystem.com/iu3?cm3ppd=1&d=dtb-pub&csif=t&dl=rbd_ox_pm_an (0)
[0201/201004.047:INFO:CONSOLE(0)] "The SSL certificate used to load resources from https://s.amazon-adsystem.com will be distrusted in the future. Once distrusted, users will be prevented from loading these resources. See https://g.co/chrome/symantecpkicerts for more information.", source: about:blank (0)
[0201/201004.049:INFO:CONSOLE(0)] "The SSL certificate used to load resources from https://s.amazon-adsystem.com will be distrusted in the future. Once distrusted, users will be prevented from loading these resources. See https://g.co/chrome/symantecpkicerts for more information.", source: https://s.amazon-adsystem.com/v3/pr?exlist=ox_rbd_pm_an&fv=1.0&a=cm&cm3ppd=1 (0)
[0201/201004.062:INFO:CONSOLE(0)] "The SSL certificate used to load resources from https://z.moatads.com will be distrusted in the future. Once distrusted, users will be prevented from loading these resources. See https://g.co/chrome/symantecpkicerts for more information.", source: https://tpc.googlesyndication.com/safeframe/1-0-15/html/container.html (0)
[0201/201004.177:INFO:CONSOLE(0)] "The SSL certificate used to load resources from https://reddit-d.openx.net will be distrusted in the future. Once distrusted, users will be prevented from loading these resources. See https://g.co/chrome/symantecpkicerts for more information.", source: https://tpc.googlesyndication.com/safeframe/1-0-15/html/container.html (0)
[0201/201004.465:INFO:CONSOLE(0)] "The SSL certificate used to load resources from https://us-u.openx.net will be distrusted in the future. Once distrusted, users will be prevented from loading these resources. See https://g.co/chrome/symantecpkicerts for more information.", source: about:blank (0)
[0201/201004.468:INFO:CONSOLE(0)] "The SSL certificate used to load resources from https://us-u.openx.net will be distrusted in the future. Once distrusted, users will be prevented from loading these resources. See https://g.co/chrome/symantecpkicerts for more information.", source: https://us-u.openx.net/w/1.0/cm?cc=1&id=e818ca1e-0c23-caa8-0dd3-096b0ada08b7&ph=2d1251ae-7f3a-47cf-bd2a-2f288854a0ba&plm=5&r=https%3A%2F%2Fs.amazon-adsystem.com%2Fecm3%3Fex%3Dopenx.com%26id%3D (0)
[0201/201004.558:INFO:CONSOLE(0)] "The SSL certificate used to load resources from https://s.amazon-adsystem.com will be distrusted in the future. Once distrusted, users will be prevented from loading these resources. See https://g.co/chrome/symantecpkicerts for more information.", source: about:blank (0)
[0201/201004.558:INFO:CONSOLE(0)] "The SSL certificate used to load resources from https://s.amazon-adsystem.com will be distrusted in the future. Once distrusted, users will be prevented from loading these resources. See https://g.co/chrome/symantecpkicerts for more information.", source: https://s.amazon-adsystem.com/ecm3?id=7289713197632529628&ex=appnexus.com (0)
[0201/201004.694:INFO:CONSOLE(0)] "The SSL certificate used to load resources from https://s.amazon-adsystem.com will be distrusted in the future. Once distrusted, users will be prevented from loading these resources. See https://g.co/chrome/symantecpkicerts for more information.", source: https://us-u.openx.net/w/1.0/cm?cc=1&id=e818ca1e-0c23-caa8-0dd3-096b0ada08b7&ph=2d1251ae-7f3a-47cf-bd2a-2f288854a0ba&plm=5&r=https%3A%2F%2Fs.amazon-adsystem.com%2Fecm3%3Fex%3Dopenx.com%26id%3D (0)
[0201/201044.313:INFO:CONSOLE(7)] "Uncaught Error: Bootstrap tooltips require Tether (http://github.hubspot.com/tether/)", source: http://maxcdn.bootstrapcdn.com/bootstrap/4.0.0-alpha.2/js/bootstrap.min.js (7)
[0201/201044.387:INFO:CONSOLE(5)] "Download the Vue Devtools for a better development experience:
https://github.com/vuejs/vue-devtools", source: http://twitchls.com/js/app.js (5)
[0201/201045.312:INFO:CONSOLE(0)] "The SSL certificate used to load resources from https://static-cdn.jtvnw.net will be distrusted in the future. Once distrusted, users will be prevented from loading these resources. See https://g.co/chrome/symantecpkicerts for more information.", source: http://twitchls.com/ (0)
[0201/201052.934:INFO:CONSOLE(4)] "[Vue warn]: src="http://www.twitch.tv/{{ $route.params.channel }}/chat": interpolation in "src" attribute will cause a 404 request. Use v-bind:src instead. (found in component: <stream>)", source: http://twitchls.com/js/app.js (4)
[0201/201052.935:INFO:CONSOLE(4)] "[Vue warn]: src="http://player.twitch.tv/?channel={{ $route.params.channel }}&html5={{ html5playback }}": interpolation in "src" attribute will cause a 404 request. Use v-bind:src instead. (found in component: <stream>)", source: http://twitchls.com/js/app.js (4)
[0201/201053.648:INFO:CONSOLE(28)] "setStatsEnabled has been deprecated.", source: http://player.twitch.tv/js/player.dfb07611cdda8608744b.js (28)
[0201/201055.746:INFO:CONSOLE(28)] "Uncaught (in promise) SyntaxError: Failed to execute 'postMessage' on 'Window': Invalid target origin '' in a call to 'postMessage'.", source: http://player.twitch.tv/js/player.dfb07611cdda8608744b.js (28)
[0201/201101.267:INFO:CONSOLE(28)] "Uncaught (in promise) Error: XHR error: 0 //www.twitch.tv/experiments.json", source: http://player.twitch.tv/js/player.dfb07611cdda8608744b.js (28)
[0201/201101.267:INFO:CONSOLE(28)] "Uncaught (in promise) Error: XHR error: 0 //www.twitch.tv/experiments.json", source: http://player.twitch.tv/js/player.dfb07611cdda8608744b.js (28)
[0201/201101.267:INFO:CONSOLE(28)] "Uncaught (in promise) Error: XHR error: 0 //www.twitch.tv/experiments.json", source: http://player.twitch.tv/js/player.dfb07611cdda8608744b.js (28)
[0201/201101.267:INFO:CONSOLE(28)] "Uncaught (in promise) Error: XHR error: 0 //www.twitch.tv/experiments.json", source: http://player.twitch.tv/js/player.dfb07611cdda8608744b.js (28)
[0201/201101.267:INFO:CONSOLE(28)] "Uncaught (in promise) Error: XHR error: 0 //www.twitch.tv/experiments.json", source: http://player.twitch.tv/js/player.dfb07611cdda8608744b.js (28)
[0201/201101.267:INFO:CONSOLE(28)] "Uncaught (in promise) Error: XHR error: 0 //www.twitch.tv/experiments.json", source: http://player.twitch.tv/js/player.dfb07611cdda8608744b.js (28)
[0201/201101.267:INFO:CONSOLE(28)] "Uncaught (in promise) Error: XHR error: 0 //www.twitch.tv/experiments.json", source: http://player.twitch.tv/js/player.dfb07611cdda8608744b.js (28)
[0201/201101.268:INFO:CONSOLE(28)] "Uncaught (in promise) Error: XHR error: 0 //www.twitch.tv/experiments.json", source: http://player.twitch.tv/js/player.dfb07611cdda8608744b.js (28)
[0201/201101.268:INFO:CONSOLE(28)] "Uncaught (in promise) Error: XHR error: 0 //www.twitch.tv/experiments.json", source: http://player.twitch.tv/js/player.dfb07611cdda8608744b.js (28)
[0201/201101.268:INFO:CONSOLE(28)] "Uncaught (in promise) Error: XHR error: 0 //www.twitch.tv/experiments.json", source: http://player.twitch.tv/js/player.dfb07611cdda8608744b.js (28)
[0201/201101.268:INFO:CONSOLE(28)] "Uncaught (in promise) Error: XHR error: 0 //www.twitch.tv/experiments.json", source: http://player.twitch.tv/js/player.dfb07611cdda8608744b.js (28)
[0201/201101.268:INFO:CONSOLE(28)] "Uncaught (in promise) Error: XHR error: 0 //www.twitch.tv/experiments.json", source: http://player.twitch.tv/js/player.dfb07611cdda8608744b.js (28)
[0201/201101.268:INFO:CONSOLE(28)] "Uncaught (in promise) Error: XHR error: 0 //www.twitch.tv/experiments.json", source: http://player.twitch.tv/js/player.dfb07611cdda8608744b.js (28)
[0201/201101.268:INFO:CONSOLE(28)] "Uncaught (in promise) Error: XHR error: 0 //www.twitch.tv/experiments.json", source: http://player.twitch.tv/js/player.dfb07611cdda8608744b.js (28)
[0201/201101.268:INFO:CONSOLE(28)] "Uncaught (in promise) Error: XHR error: 0 //www.twitch.tv/experiments.json", source: http://player.twitch.tv/js/player.dfb07611cdda8608744b.js (28)
[0201/201101.268:INFO:CONSOLE(28)] "Uncaught (in promise) Error: XHR error: 0 //www.twitch.tv/experiments.json", source: http://player.twitch.tv/js/player.dfb07611cdda8608744b.js (28)
[0201/201101.268:INFO:CONSOLE(0)] "Uncaught (in promise) TypeError: Failed to fetch", source: http://player.twitch.tv/?channel=loltyler1&html5=true (0)
[0201/201101.268:INFO:CONSOLE(0)] "Uncaught (in promise) TypeError: Failed to fetch", source: http://player.twitch.tv/?channel=loltyler1&html5=true (0)
[0201/201101.362:INFO:CONSOLE(0)] "The SSL certificate used to load resources from https://api.twitch.tv will be distrusted in the future. Once distrusted, users will be prevented from loading these resources. See https://g.co/chrome/symantecpkicerts for more information.", source: http://player.twitch.tv/?channel=loltyler1&html5=true (0)
[0201/201101.403:INFO:CONSOLE(28)] "failed to resolve properties promise", source: http://player.twitch.tv/js/player.dfb07611cdda8608744b.js (28)
[0201/201101.403:INFO:CONSOLE(28)] "failed to resolve properties promise", source: http://player.twitch.tv/js/player.dfb07611cdda8608744b.js (28)
[0201/201101.403:INFO:CONSOLE(28)] "failed to resolve properties promise", source: http://player.twitch.tv/js/player.dfb07611cdda8608744b.js (28)
[0201/201101.416:WARNING:spdy_session.cc(2914)] Received HEADERS for invalid stream 15
[0201/201115.382:ERROR:service_manager.cc(157)] Connection InterfaceProviderSpec prevented service: content_renderer from binding interface: blink::mojom::ReportingServiceProxy exposed by: content_browser
[0201/201115.383:INFO:CONSOLE(0)] "Styling master document from stylesheets defined in HTML Imports is deprecated, and is planned to be removed in M65, around March 2018. Please refer to https://goo.gl/EGXzpw for possible migration paths.", source:  (0)
[0201/201115.774:INFO:CONSOLE(1095)] "<link rel=preload> must have a valid `as` value", source: https://www.youtube.com/yts/jsbin/desktop_polymer-vflu3v6Sz/desktop_polymer.js (1095)
[0201/201116.811:INFO:CONSOLE(0)] "The SSL certificate used to load resources from https://bs.serving-sys.com will be distrusted in the future. Once distrusted, users will be prevented from loading these resources. See https://g.co/chrome/symantecpkicerts for more information.", source: https://pubads.g.doubleclick.net/gampad/ads?sz=850x250&gdfp_req=1&ad_rule=0&iu=/4061/com.ythome&impl=ifr&scp=ssl%3D1%26dc_yt%3D1%26kga%3D-1%26kgg%3D-1%26klg%3Den%26kmyd%3Dvideo-masthead%26ytdevice%3D1%26ytexp%3D23705778,9471235,9422596,9488991,9477942%26kbsg%3DHPUS180201&d_imp=1&ytdevice=1&pucrd=CgYIABAAGAA&correlator=6285441366680129 (0)
[0201/201117.002:INFO:CONSOLE(110)] "Unrecognized feature: 'autoplay'.", source: https://s.ytimg.com/yts/jsbin/www-widgetapi-vflz9YJmO/www-widgetapi.js (110)
[0201/201118.224:ERROR:mf_helpers.cc(14)] Error in dxva_video_decode_accelerator_win.cc on line 1615
[0201/201118.224:ERROR:mf_helpers.cc(14)] Error in dxva_video_decode_accelerator_win.cc on line 694
[0201/201118.245:ERROR:gpu_video_decode_accelerator.cc(367)] HW video decode not available for profile vp9 profile0
[0201/201125.950:ERROR:mf_helpers.cc(14)] Error in dxva_video_decode_accelerator_win.cc on line 1615
[0201/201125.950:ERROR:mf_helpers.cc(14)] Error in dxva_video_decode_accelerator_win.cc on line 694
[0201/201125.972:ERROR:gpu_video_decode_accelerator.cc(367)] HW video decode not available for profile vp9 profile0
[0201/201132.199:ERROR:mf_helpers.cc(14)] Error in dxva_video_decode_accelerator_win.cc on line 1615
[0201/201132.200:ERROR:mf_helpers.cc(14)] Error in dxva_video_decode_accelerator_win.cc on line 694
[0201/201132.216:ERROR:gpu_video_decode_accelerator.cc(367)] HW video decode not available for profile vp9 profile0
